虽然已经解决了建立新积分方法的首要问题
建立了交易版机上的策都理论
后面我们将成具有这种行制的函数为可测含数
下面引入可测含数的概念
可测含数的有限客家行
机和处处收敛含数列的控制手联定立
证明积分与其先觉还顺序
在车一些恐之手联定力的应用
读者自己也可以列车并加一证明
所以这两个函数机和处处相等
今天也是好天气
有在头烂马
你会该吧
王道正途
不存在的
为一制定有想
想想给
知道你的希望习灭位置
非常信现非常美味
以非重天啊我
今天也是好天气
有在头烂马
你会该吧
王道正途
不存在的
为一制定有想
想想给
知道你的希望习灭位置
非常信现非常美味
以非重天啊我
这就是我们的起记
如果其技有颜色那一定是成色
东先生联人好不好啊
中央已经决定了
这个世界太乱
怪怪站好
你为什么这么熟练阿
明明是我现来的
感受和研制的的愤怒
终于来了个有前途的家和
严格审和价款人还款能力
从严防控新大风险
离婚一年内贷款人贷款案二套防治行
根据今年的政府工作报告
去校和听证的舍给个人等是想的行政事业性收费包括
中俄侦查船在韩国福金定少美航母
美军方称不成人中国东海防空识别区
主场作战的中国队率先发期进供
古代之人从东非其原后一路走到了的球上所有大陆
中国国家对战胜韩国国家对
请人家快乐
比起你年轻时的美丽
我更爱你现在被受摧残的融研
多年以后
当他面对性行对的时候
已然会想起那个
父亲带他坚实并会的要原地下午
他是最恶之光
余年只活
一起在黄道上等大行称
黄昏欲说广一同生起来
午后太阳下的阴影
没女与业收
清明介会来了
好想方加啊
卡斯内多连话不生良风的校宿
你存在在我的存在
你会和了我的重百
山有目系目有直
我大大的么提升是个美丽的错误
铁马病和如梦来
清华大学计算机科学与技术细
只能技术与系同国家重点实验室
你为什么来晚了
山大复往停止沙路
今天晚上有好看的电影
北京奥运会开幕式非常精彩
全国人民代表大会在北京人民大会堂隆重召开
今用的无下小说非常精彩
你的是家会变得更精彩
深度学习技术推动了人工智能的发展
在天安门广场举行了龙中的说并实
落给大数有些常用的基本公式
请大家选择你觉得可以的时间
具有良好的沟通能力和交流能力
人在说都是是从做到有主子都如地
减少课程的可是是十分科学的
对染色体人工和成的工作机遇了高度评价
现同级大量真是鱼了中各个次出现的概率
课程分为线上目可和线下到宿两部分
那为什么这么造就提出了
有没有别的人选哪
我讲的意思不是我是勤点他当下一人
没人至少体工是个车子
当然我们的决定全也是很重要的
就做了一点微笑的工作
就是用亚最必把这个说农到里面
这个报告经过好几百个交手一直通过
我也没有什么别的东西送给你们
你美体本身也要判断
还是要提高自己的只是水平
也为了广大合法用户的政党全意
特朗普希望不就和中国国家主席面对面会晤
我们了的很开心
他养了一致青瓦当重污
我大这一副黑框眼睛
他岗勤谈的不错
小朋友们都喜欢去校邮
这个玩具很有趣
他很生气
青瓦时从课都变来的
他有力系方合国
光在这么长的时间里可以跑三十万公里
这是世界上最好的变成语言
而机的价格式印象的三倍
香港是最繁华的大都是直以
香港的记者擅长跑步
广东的人口数量为居全国的一
良好的变么系管很重要
中国是人民民主转正的社会主义国家
我们的目标是全面建成小康社会
深度神经网络对计算资源的小号很大
并行华时提高计算速度的方法之一
够理国家生死一
起因和付比去之
比你们不只搞到哪里去了
有意为著名的公司老板数学不好不会数数
你好是家
人真你就输了
我和我的小伙伴们都经大了
明天来真经不上半
哈露我的
说过长城走向世界
现一家入啃的几号化物残
我从未见过有如此后颜无耻之人
我是说在作的各位都是拉季
称且做不到啊
本站立足于没力建和中国对全球华人服务手被没法律保护
你们成立人真会弯
想要一直爱着某物的话
一要怪职司来说太长了
想要是现一切梦想的话
一人类治生来说太短了
关车爱与真是的邪恶
可爱有迷人的反派角色
业生的计算机出现了
盲摄三是最好的语言
我见过你们人类为曾看到的时
我看到站建在列和作的边员被其中期和
而这一切都重强市区
就像类水小时在于重
生命与周期一切的中级大案是私事儿
贸进实省级旅行者的必备物品
这是人类的落日
比希望更持热
比绝望更深沉
已经没有什么好怕的了
我日日夜也都在西年着你
朋友的情一比天还高逼的海了适
那些虽说我们一定会记得
就向阳光穿过黑夜
立名侨侨华国天边
说的身影传所论会见
未来的路就在交下
不要被上不要害怕
充满信心期盼着明天
新的风暴已经出现
怎么能够停止步前
传说是空接进全力
我回来到你身边
微笑面对未见
梦想成真不在要原
鼓起用期间定向前
起记一定会出现
不着业生被卡球一直
不碰出费服怎知新头学有热
其向风不方调等和受着单核
有些话到破一班和有沉默
听汉四中生情也佛
从不在一小没确控车被埋没
水波开春操训的下两到车这
区造力了口内勤现海产者
原我们觉性被记得
谁能给的
我为成直未必然想桥和之前
倘若有人和谬无指出我必然之前
但员会了不会因我是其微积有二生气
但员死者能心包容我主建率推的期一
我为自己分分苗苗属楼万五项事件之前
我为江新还是为出联想就爱之前
远方的展政阿源量我大话会加
裂开的上口阿源量我查到受治
哦眼于别怪我家用了沉重的自言
有老新飞身的是他们看似轻松
北京的方家是不在头之年轻人的创造力
人为什么要睡觉
听说测是其是要自己是用的
没人体工至少是个车子
国神难度的数学科会影响恶李四位的发展
培养了坚定的一直没联了自己的用其
走出清华大学特色的世界一流大学到路
清点记下面的链接
数学分析本身就是难学的
前出了不能起四会生之外市万能的
自动化和经管属于同一个招生大类
我说这把游戏已经结束了
新观众可能不想信
我家住在黄土高坡
我是买保的小行家
贸市最萌的动物
复网站四沙场
进资是有两地道题
这个地方好像可以了天呐
进入白血现场
看见一个大四一个
我已经失去了立直
不存杂的力被
金牌将是个都之王大四马
展都开始
每天回家都会看到我老婆在装食
系统对于人们来说并不是一个陌生的名次
未来的社会是信息化的社会
我有一个平国
我有一根比
被批下我们走
今天天气很好
我们去三不把
身是普体数
新入名景泰
是是亲服饰
无事若尘埃
普体本无术
名警以非台
本是五一无
和出若尘埃
黄金榜上
区市龙头望
名大赞一线
如何向
为随风云变
正不自况当
有些是聚力的自台生坏了吧
和需论的桑
才自此人
子是拜一情想
烟花像没
一月担清屏障
省有一种人
看巡防
且嫩为红一催
风流失
平生长
青春都一想
人把复明
还了钱真的长
我们是疯
我们是电
我们是车红色的火焰
我们是刚
我们是铁
我们是用不到的台山
人工智能必将大白人类
不管你们心不信
反正我不信
人群当中钻出来一个光投
均不见黄河治水天上来
安的广厦千万件
你会完这我的一修
我会把手揣进库都
南方的小镇银鱼的东天没有北方冷
他是我的父亲
他是我的母亲
他是我的狗狗
为了方便大家测是自己的拼音输入法的行能
请大家一起建立一个侧是杨立即
杨利机制用于大家自给侧是用
没人体工至少是个车子
还应各位同学来到人工智能到论课堂
大家在学习中有什么问题
可以各种方是随时联系我
也可以充分利用网络学堂进行各种讨论
马少平老师如是说
共享单车展现了人们的道的素质
这些照片看了之后会电服你的三观
我真的好想在和五百年
如国足国受到了侵犯
热血难而当自强
和完了这被家乡的就
装是一区不服反
人工智能的时只是人工智障
同学们下午好
今天有几十万同学迟到了
大家可能不知道
我们宿舍地等坏了
每天晚上过了七点就跟物业一样
很难受不舒服
安沙市自然的规则
在钻石的天空下气污
一直受自在的会亚会
策应范称这还说
四周是原常的黄沙
带着一切期以与命运
一起前入反用的波涛之下
且让我忘记今日至到明天来临
嘿
令谷先生
为我走以去
我上为入面
且无处可贵
我学习一些开车的自世
一把锤子扎下去
山崩的烈说导流
我连公法子真心
网络链接中断
无语无理沙
人有我自需网股的一筐
长阳山是一把干企
要工期无所前球
开天府批开婚不红黄
微积分是学不好的
单身狗你好啊
我爱学习学习是我快乐
复往不在是父王了
让我们一起来万吧
学好微积分
这周六席运会
天天感和好哭鼻
我不知道中午吃什么
今晚不熬夜
明天早起
家田联也无穷碧
小和财路建建交
清华大学很棒棒哦
预习在受天下我有
但是龙城费将在
春风不都与门关
毛泽东思想与社会主义改论
有现状态自动机
黑云压成城与崔
和方因小切需行
东风也放话前述
草色要看今却无
很多人参与了此调编辑
人工智能是一门有趣的课程
大作业要写不完了
计算机系没有习惯
搜狗爸爸对我们很好
辣条是一中有明的小吃
起来奇汉交迫的努力
起来全是接受苦的人
蛮抢的若学已经飞腾
要为真理二都整
就是家大哥罗华流水
努力门起来起来
不要说我们一无所有
我们约昨天下的主任
这是最后的都整
团结起来到明天
英特南雄能而就一定要是现
上面是谁把过几个都贴出来了
那我要不要铁一手国合哪
算了还是补贴了
超西可持
这位同学庆祝一
上面的内售过几个
是没写出来的那
所以不要说什么超希拉
那我改数点啥
人文是冠军
工业工程是冠军
人文和工业工程必将会是决赛
贵系留字班很强
所以我们一定能报记
作业与朱锋舟
无事人费是是修
历史的车轮在年国
我们将网和出去
波浪时前进
落选是上升
就令后不如中年微积
是上只有一中英雄主义
发现了生活的真相
已然热爱他
早上好啊小朋友
我控系不住我记记啊
楼下是谁啊
却一行蓝山
必经医生很短少有圆满
省汉一般选
解我生梦与忙装不文明天
吹啊吹啊我的校澳方从
还差两局就完了哈哈哈
我从亚便跌落盟门和股金所
作为梦和最
日神和就身是自然价值家的一书种东
希拉人的造性能力制完美
是我们有力有爸做梦的希拉人看成许多的和马
有爸和妈看作一个做梦的希拉人
古大是家中
就身解的普遍存在
在希拉重身是上的关键是可
我也还差两车
现在就差一句
我爱人工智能
一梦为马
改数的要数啊
到的还差多少啊
真的很难解有没有
丢类楼某
正在前往努把你
北海公园南真好玩
弱小和物质不是生存的障碍
清理科停止大体
今天也要远期满满哦
你已为你一位的就是你一位的
楼上的朋友你好啊
小朋友们大家好
还记得我是谁吗
对了
我就是为兰贸配音的演员个平
当时我们在是假装表演的时候
我说
谁愿意跟我蓝猫血一车配音呢
只听见下面有一个我来
这是后我一看
小朋友们
人群当中钻出来一个光投
上面这车少了两个子突然
成可您好还应成作北京地铁四号线列车
列车运行前方开网天公园站
亲手持车票通过查机
国家图书馆展事换乘车站
上车的乘客情往里走
请携带好随身的行礼物品
感谢您选择北京的贴出行
欢迎您在此成作地铁六号线列车
成车过程中青作文服好不要首付车门
青在屏蔽门完全打开后从右侧下车
请注意还成列车的手摸板车时间
请为需要帮助的成可让合作
现在客流交大列车比较拥挤
下车乘客请期早准备抓紧下车
物理实验真是太坑跌了
救救孩子
律司的服员杨浦
向涛也当时还都
有将戳眼于东风
大区
个门而我们聊天把
据现与传统的翻一眼就曾面
对司法裁判管而言
由于加精品涵
质朴而有没
凭一二期人心肺
是个与小说
清新领动
成长的烦恼
那是个满场的过程
每天傍晚六点重
流水落华春去也天上人间
清单一就在几度西央红
大江东区浪淘金
大作业已经写完了
随风前入也润物细无生
我是个扎扎
有现状态自动机
主体团日怎么办
捐给身经网络用于以了影像是别
因为你人品太差
构建社会主义和解社会
目可还没看完
老服了法少年狂
潜力股份无处花期两
我大作业真的写完了
受到情回答
你如此李汉马
我竟然调现了
手资模小叶
复强民主文明和解
我好像完成了
春风桃李一被救
强和业于是年等
红楼革与项网冷
朱波票等都自贵
按劳损区也
我和韩三有回来了
不裁罗婆经年
你尽管码大骂
能正确输出算我暑
秋天红色的系该规在的商
消化司在回家的路上
类水大是个字的后脑勺
最后祝你身体健康
老司机大大我
听说你昨天晚上去看电影了
和我在成都的街头走一走
知道所有的等都习灭了也不停留
我好菜腌
是儿好玩家发言
是儿好玩家是遇严加
昨天晚上一好玩家是我的进水
把好玩家你已经了报了
明天晚上我会严明四好玩家的身份
希望所有的好人相信我
只要想起一声中后会的时
美化变落了下来
比如看他有用到合的另一案
比如登上一主送母体资
为现的是固然美丽
不如看他起码归来
面加温暖
秀色
的下偷
会打着黄帝
让他做到经中常做的地方
王者创外
只要想起一声中后会的时
美化变落满了南山
一人我因就最
嘴八家人成双对
这个世界需要更多的英雄
黑抓科一种见你父亲的的国
只有道天假的人才能家与神龙
我看到你们了
五是一道
重镇受王先锋有什么一一
而应长的一大力跑那
少有长是的人都会知道
人生若知如出建
红岩滩之劳
你是人间的思乐天
蛮抢进大黄金价
来日从事前前确各
西风多少很
吸养无限号只是金黄昏
被明有余起民为困
天涯和出务方草
杨国和小龙女
被房有家人一是二都礼
要耗费心理维持的东西没有一一
梦到了奇怪的外省生物
影像是五米内所有有方目标
大白菜鸡毛财通信才有买菜
王不流行军潜力
就就把是一
基本情况就是这样了
以单一单量经精
小业我可喜欢人泪了
和就了什么都能见到
有是重视的一天啊
他主要的地性和实也只在持和合水面
司和指出于偶然
走出持洪烈日照要的地区
他说他爱他省国爱他自己
他没有什么爱情
只需要肉体
现入比四还要严重的经的
它死死的定这我
超和生命
会主受这根本不是造具
我选五好几十
学好微积分是不可能的
香港机者走在想建的道路上
为什么会这样呢
人生总是充满了各种各样的意外
谁能在周
我想到内无人只小的地方看一看
无处安放的理想
深夜中行行点点的等活让人想起那个古老的梦想
热烈的燃烧起来吧
五好机是你别跑啊
如果再见不能红着眼
是不还能红着脸
从从那年
我们见过太少是棉
之爱看同一张连
青春若有长不落的链
但愿他用都不被改变
许多梦想总编制太美
眼泪都是我的体会
擦干眼泪不让你看见
构建人类命运共同体
习近平关心的流监视
应届美好明天
雾霾问题严重危害健康
全球化问题需要全球人携手解决
我不知道这个在线变革期的研时是多场
我打完下面的中文后你打一个哈
测时到严实是十秒左右
没错感觉这很苦
我觉得肯定说多月卡
哈哈哈哈哈哈哈
这个研时还是挺端的吧
不知道如果在线人数更多会怎么样
我还要在变出三个车子
不知道如果有多因子会不会增加难度
测是杨立即
中庭的白术气压
本还谈谈间件能能不不定定论以和定律而
这是我变的第一个车子
刚刚已经变过一句话了
毛思才刚开始
接下来着且你们能够采到
是关于新改的
我差点暴露了自己
想不出其他的了
没有主体现职反而更加困难
最后就年两车是吧
构复规武向往
三百六是行
行行处码农
告诉我你想要做什么
为与美国家利福尼亚洲旧金山玩的阿尔卡特拉斯岛上的联邦建于遭到非只
为了康以诉联入侵阿富汗
美国总统基米卡特宣布美国强的制与莫斯科举办的夏季奥林匹克运动会
肉毛主龙草是破落周家里埋单特有的热带是种植物
明说送件照
请全是上流
的国社会民主党选举前区周一会议长马定数二次担任党魁
我看到你们了
没有人能躲过我的眼睛
的几个才是你老板
充分开发指令并行行
村出奇的层次结构
我的怒暴是不休的
床前明月光
告诉我你想要做什么
觉我女王大人
我被困住落
太无垃
我们今天的内容更多关注的是这里
清华大学是一些好学校
清华大学的人工智能到论课程是分的有趣
一些场上会在某种一一上改进行能的影响
这个网站很强
能遇见你真的很幸运
其实早在军训的时候就被你息引了
能够和你在一起已经别无所求
我爱你
真想用远只有一个
在力着很远的地方
有一片海滩
古都的人他就在海上
成这船翻
如果你看到他回到海岸
就请你告诉他你的名字
我的名字
这个输入法很强
安装具有复杂电子控制系统的现代知道无期待提过去相对简单而本中的火炮系统
个大城市路边排满各种颜色的共享单车
他在儿童从交办好调了一个星期是广
费停有一进的空间服空气的省市东山在其
国际抗癌联盟和世界卫生组织看到全球癌症发病率和死亡率及车上升
在广播电台播出一档节目
清清快餐和清清被萨尼更喜欢那个
你与本周无安排一次习题课
我们强调选人最多的一个时间
其他三选的同学科自行分组
计算机是一门有趣的学科
融学不说一句话
大的就一类流满面
我喜欢向交委的特朗普
小胖胖有一个大都被
发场在
的时三个无面的夜晚
人与人之间为什么要和向上海阿
人与人之间为什么要和向上海那
人与人之间为啥要和向上海那
人与人之间怎么就不能和向上海那
人与人之间就是要和向上海阿
来吧来吧和向上海拔
哎
哎
人与人之间的新人在哪里
人与人之间最基本的新人呢
你尽管分类这是聚划分队了算我暑
林则需有一句名言压
我到河北省来
方爱暂的查查
你们这是自寻思路
我也是一个广东人
所以我们是老乡
啊
我要搞死你呀
清风不是自
和鼓乱翻书
是不杀一人潜力不流行
本站记者跑的快
经搜和打啥也先是人领提
西文搜和打啥强开放传说种无瓦斯担
艘和游戏解排可梦境领推出新种丑丑化
您的好有苗行人成功不和了利于网
您的重物苗苗向持调业生的比卡丘
您这个人而大改系还着想
清华大学家放眼于行动
赞我比出此目
大爱罗天一
这是一个很长很长很长很长的样理数据
我在电量数字人生
而有些人已经在点染数字与周了
吃葡萄不吐葡萄皮
不持曝逃到吐葡萄皮
我好阿石是没有小桥吃
看了一些养理数据我觉得我要挂科了
每个人都是理性的
能不能给我好一点的情的
上善若水
谢谢大家来参加我的生日
白洋作是一个可爱的行作
我的桌上有一福建制
我的朋友送了我一盆绿之作为生日礼物
大家喜欢听的个多种多样
有没有一首个让你想起一个人
丝绸之路上的浪漫故事被市人传唱
爱一个人这样容易
很一个人这样容易
进校被中营者明说
沸腾的条件是打到非典并持续吸热
我爱学习学习是我快乐
人间四月房费金
电量数字人生
大我走去要原的行求
黑夜给了我黑色的眼睛
花开始接东京城
既然你成新成一的发问了
我们就大发次北的高速呢
为了方只是接被破坏
为了手和世界的和平
关车爱与真是的邪恶
可爱有迷人的反派角色
我们是传所在银河的火箭队
白色的明天在等待这我们
行美冷对前复制
副手感为入自纽
许多人所谓的成熟
不过是被习诉无区了冷叫
精神的造率和个性的小王
一切高贵的情感都修与表白
一切身科的体验都着语言辞
古都和选校都难以忍受
声明纯属偶然
真正的精神将这一定是宽容的
为曾是一的人不动人生
期都是弱者的平指
我们是工单注意接班人
小课都找妈妈
社会最大的最恶
明明就她比较难过
为何确主动把收购
最爱你的人是我
今天的篮球赛真精彩
我也不想这样啊
可是有能怎么办呢
国家之间只有利益
若国务外交
他强人他强
多因子是个难点
二家二等于无
三月三十二日实行期一
微信小程序重新发明了浏览器
避免的三次是家大展的发生
苹果公司机将推出一款按着手机
通过期因工程制造猫娘是可行的
大适好后面应不应该还行一直以来都是有争一的
一个单子数百了不过就是自汉子犯愁上的一个要办群而已
请问你要来电兔子么
不行追尾了黑色的高级车
美西是世界上最好的足球运动员
王不穿着爱美的研
难道我这次报进你为比落空
也许你会陪我看细水长刘
我讲不顾一切的来到这地方
受新和染长出就产地区县
能重风前都总有全都给
结了东西为什么不还
段长生点点风与生连连四是古人来
风化学约不肯等人要先变现问
我喜欢被打的学妹
我加起要去杭州晚
化解花费花满天
红小巷段有水联
有司软细票春解
罗序情展普修炼
规中女二系纯母
红楼梦好像太难了
我想去跑半马
今天空气好不好
起一的光芒种慢了房间
目光山说着穿过了家界
你的旅途中语的大重点
你现在充满了决心
我不知道前面的人为什么大的车子都那么奇怪
这不是一条搜狗输入法都大不出来的车子
也都收回天下
哈哈哈哈哈哈
林先生发疯了
是不是一后可以用这个东西了天
