这就是我们的契机
如果其既有颜色内一定是成色
董先生恋人毫不好啊
中央已经决定了
这个世界太乱
乖乖站好
你为什么这么熟练阿
明明是我先来的
感受和颜值低的愤怒
终于来了个游前途的家和
严格审核结款人还款能力
从严防控信贷风险
离婚一年内贷款人贷款案二套防治行
根据今年的政府工作报告
去校和听证的舍给个人等事项的行政事业性收费包括
中俄侦查船在韩国府紧盯梢美航母
美军方称不承认中国东海防空识别区
主场作战的中国队率先发期进供
古代之人从东非杞园后一路走到了地球上所有大陆
中国国家队战胜韩国国家对
请人家快乐
比起你年轻时的魅力
我更爱你现在备受摧残的融研
多年以后
当他面对省省队的时候
依然会想起那个
父亲待她坚实并会的要原地下午
他是最恶之光
余年制和
一起在皇岛上等待省郴
黄昏欲说广益统升起来
午后太阳下的阴影
美女与业收
清明介会来了
好想放假啊
卡斯那朵莲花不生良风的脚臭
你存在在我的存在
你会和了我的崇拜
山游目吸模优质
我大大的么提升是个美丽的错误
铁马病和入盟来
清华大学计算机科学与技术细
只能技术与系同国家重点实验室
你为什么来晚了
山大复往停止沙路
今天晚上有好看的电影
北京奥运会开幕式非常精彩
全国人民代表大会在北京人民大会堂隆重召开
仅用的武侠小说非常精彩
你的世界会变得更精彩
深度学习技术推动了人工智能的发展
在天安门广场举行了隆重的月饼是
落期待暑游协常用的基本公式
请大家选择你觉得可以的时间
据优良好的沟通能力和交流能力
人在说都是是从座岛有竹子都如地
减少课程的客试试试分科学的
对染色体人工合成的工作给予了高度评价
县统计大量真是鱼了中各个词出现的概率
课程分为县汤姆客和线下到宿两部分
那为什么这么造就提出了
有没有别的任选哪
我讲得意思不是我是勤点他当下一人
没人至少提供适合车子
当然我们的决定权也是很重要的
就做了一点微笑的工作
就是用牙最必把这个说弄到里面
这个报告经过好几百个角兽医直通过
我也没有什么别的东西送给你们
尼媒体本身也要判断
还是要提高自己的志逝水平
也为了广大合法用户的正当权益
特朗普希望不就和中国国家主席面对面会晤
我们了得很开心
他养乐一致青瓦当宠物
我大者逸夫黑框眼睛
塔钢琴弹的不错
小朋友们都喜欢去校邮
这个玩具很有趣
他很生气
青瓦时从课都变来的
他有利西方合国
光在这么长的时间里可移炮三十万公里
这是世界上最好的变成语言
而机的价格式印象的三倍
香港是最繁华的大都是直以
香港的记者擅长跑步
广东的人口述两位居全国第一
良好的便马习惯很重要
中国诗人民民主转正的社会主义国家
我们的目表示全面建成小康社会
深度神经网络对计算资源的消耗很大
并行华时提高计算速度地方法治意
苟利国家省司已
其引和付比去之
比你们不只搞到哪里去了
有意为著名的公司老板数学不好不会属数
你好世界
认真你就输了
我和我的小伙伴们都惊呆了
明天来镇经不上半
哈喽挝的
说过长城走向世界
现一家入啃的几号华伍参
我从未见过犹如此后颜无耻之人
我是说在作的各位都是拉季
臣妾做不到啊
本站立足于魅力建和从国对全球华人服务手被没法律保护
你们成立认真会弯
想要一直呆着某物的话
噫妖怪职司来说太长了
想要实现一切梦想的话
疑人类治生来说太短了
罐车爱与真是的邪恶
可爱又迷人的翻拍角色
野生的计算机出现了
盲摄三是最好的语言
我见过你们人类未曾看到的时
我看到战舰载列和作的边远被其中期和
而这一切都重强市区
九项磊说小时在于重
生命与周期一切的中级大案是私事儿
贸进实省级旅行者的必备物品
这是人类的落日
比希望更持热
比绝望更深沉
已经没有什么好怕的了
我日日夜也都在熙年着你
朋友的情一笔填海高逼的海了适
那些虽说我们一定会记得
就向阳光穿过黑夜
李名侨侨华国天边
说的身影穿梭伦会见
未来的路就在脚下
不要被上不要害怕
充满信心期盼着明天
新的冯宝已经出现
怎么能够停止步前
串钥匙孔家进全力
我回来到你身边
微笑面对未见
梦想成真不在要原
古启用期坚定向前
奇迹一定会出现
不着野生被卡球一直
不碰出肺腑谮址新头学友热
即向风不放条凳和手照单核
有些滑到破一班和友称没
烃含四种生情也佛
从不在一小没确控车被埋没
谁剥开春操训的峡两到车这
区造力了口南沁县海产者
元我们交行备技的
谁能给的
我为惩治未必然想桥河之前
倘若有人和谬误之初我想必然之前
但员会了不会引我是其危及幼儿生气
单元食者耐心包容我逐渐衰退的鸡食
我为自己分分渺渺疏漏万五项事件之前
我为蒋昕还是为初莲湘酒爱之前
元房地站证阿瑗俩我大化回家
裂开的伤口阿瑗冫肟乍到受治
有老心肺肾的是他们看似轻松
北京的房价是不在投之年轻人的创造力
认为什么要睡觉
听说测试剂时要自己是用的
没人体工至少是个车子
国神难度的数学科会影响恶李四位的发展
培养乐鉴定的一直没脸了自己的勇气
走出清华大学特色的世界一流大学到路
清点击下面的链接
数学分析本身就是难学的
前除了不能齐思慧生之外十万能的
自动化和经管属于同一个招生打雷
我说这把游戏已经结束了
新观众可能不相信
我家住在黄土高坡
我是买保的小行家
毛泽最猛的动物
武网站四沙场
进资是有两地道题
这个地方好像可以了天呐
进入白血现场
看见一个大四一个
我已经失去了荔枝
不存杂的力被
金牌将是个都指望大四马
战斗开始
每天回家都会看到我老婆在撞死
系统对于人们来说并不是一个陌生的名次
未来的社会失信息化的社会
我有一个苹果
我有一根比
否被吓我们走
今天天气很好
我们去散步把
慎食谱体数
新入名景泰
是世勤付使
无视若尘埃
普体本无术
名景逸飞台
本事无义务
和处惹尘埃
黄金榜上
区石龙头望
名大赞一线
如何向
为随风云变
政部资矿当
有些是聚力的姿态生坏了吧
和叙伦的桑
才自此人
子失败易倾向
岩画像没
亦乐单亲冯长
省有一种人
看汛防
且嫩味红一催
风流失
评省长
青春读一想
人把复明
换了钱真的长
我们是疯
我们是电
我们事拘红色的祸严
我们是刚
我们是铁
我们使用不到的泰山
人工智能必将达百人类
不管你们新布新
反正我不信
人群当中钻出来一个光投
军部件黄河治水天上来
安的广厦千万件
你会弯着我的一修
我会把手揣进裤兜
难烦的小镇银鱼的冬天没有北方冷
他是我的父亲
他是我的母亲
他是我的狗狗
为了防变大家测试自己的拼音输入法的性能
请大家一期间里一个侧是氧离奇
杨利机智勇于打架子机测试用
没人体工至少是个车子
欢迎各位同学来到人工智能导论课堂
大家在学习中有什么问题
可以各种方式随时联系我
也可以充分利用网络学堂进行各种讨论
马绍平老师如是说
共享单车展现了人们的道德素质
这些照片看了之后会颠覆你的三观
我真的好像在和五百年
如国足国抽到了侵犯
热血难而当自强
和完了这辈家乡的就
撞事宜区部副反
人工智能的时只是人工智障
同学们下午好
今天有几十万同学迟到了
大家可能不知道
我们宿舍地灯坏了
每天晚上过了七点就跟物业一样
很难受不舒服
安沙市自然的规则
在钻石的天空下气污
一直受自在的回押回
册营范称这还说
斯州市院长的黄沙
带着一切记忆与命运
已启前入返佣的铂涛之下
且让我忘记今日知道明天来临
嘿
令谷先生
为我走以去
我上为入面
且无处可贵
我学习一些开车的姿势
一把锤子砸下去
山泵的烈说导流
我练功发子真心
网络链接种短
无余万丽莎
人有我自诩罔顾的尾矿
长阳山市一把干企
要工及摩梭千秋
开天府批开混沌洪荒
微积分是学不好的
单身狗拟号啊
我爱学习学习是我快乐
复往不在市妇王了
让我们一起来万吧
学好微积分
这周六席运会
天天干活好哭鼻
我不知道中午吃什么
今晚不熬夜
明天早起
家田联也无穷碧
小何才露尖尖叫
清华大学很棒棒哦
玉玺在受天下我有
但是龙抢匪将在
春风不蠹郁闷罐
毛泽东思想与社会主义改论
有现状态自动机
黑云压秤称与崔
和放烟效切需行
东风叶芳华签署
草色要看今却无
很多人参与了此调编辑
人工智能是一门有趣的课程
大作业要写不完了
计算机系没有习惯
搜狗爸爸对我们很好
辣条是一种有明的小吃
起来奇汉交迫的努力
起来全是接受苦的人
蛮抢的若学已经飞腾
要为真理二都整
就是家大哥罗花流水
努力门起来起来
不要说我们一无所有
我们约昨天下的主任
这是最后的斗争
团结起来到明天
英特纳兄能儿就一定要实现
上面是谁把过几个都贴出来了
那我要不要铁已售过合哪
算了还是补贴了
朝夕可持
这位同学庆祝一
上面的内售过几个
是没写出来的那
所以不要说什么超希拉
那我改数点啥
人文是冠军
工业工程是冠军
人文和工业工程必将会是决赛
贵系留字班很强
所以我们一定能报记
作业与朱锋舟
无事人非实施修
历史的车轮在年国
我们将网和出去
波浪式前进
螺旋式上升
就令后不如中年微积
是上只有一种英雄主义
发现了生活的真相
依然热爱他
早上好啊小朋友
我控系不住我记系啊
楼下是谁啊
却异性阑珊
毕竟一声很短少有圆满
声喊一般选
解我生梦雨茫状不文明天
吹啊吹啊我的骄傲妨从
还差两局就完了哈哈哈
我从牙便跌落盟门和鼓劲所
作为盟和最
希腊人的造性能力制晚没
是我们有力有吧做梦的希腊人堪称许多的荷马
有吧和妈看作一个做梦的希腊人
古代世界中
就身解的普遍存在
仔细落重审时上的关键是可
我也还差两车
现在就差一句
我爱人工智能
噫盟维码
改数的约束阿
到的还差多少啊
真的很难解有没有
正在前往努把你
北海公园南真好玩
弱小合物质不是生存的障碍
请立刻停止大体
今天也要远期满满哦
你已为你一位的就是你一位的
楼上的朋友你好啊
小朋友们大家好
还记得我是谁吗
对了
我就是为兰贸配音的演员个平
当时我们在是假装表演的时候
我说
谁愿意跟我懒猫血移车配音呢
只听见下面有一个我来
这时候我一看
小朋友们
人群当中钻出来一个光投
上面这车烧了两个子突然
乘客您好还应乘坐北京地铁四号线列车
列车运行前方开往田公园站
亲手持车票通过查机
国家图书馆展事换乘车站
上车的乘客情往里走
请携带好随身的行礼物品
感谢您选择北京地铁出行
欢迎您再次乘坐地铁四号线列车
乘车过程中青作文富豪不要首付车门
青在屏蔽门完全打开后从右侧下车
请注意换乘列车的手摸板车时间
亲为需要帮助的乘客让合作
现在客流交大列车比较拥挤
下车乘客请及早准备抓紧下车
物理实验真是太坑爹肋
救救孩子
吕思的复员杨浦
湘涛也当时还都
有将戳眼于东风
大区
哥们而我们聊天把
据显与传统的翻一眼就曾面
对司法裁判官而言
由于加精品涵
质朴而又没
凭一二期任心肺
是个玉姣说
倾心灵动
成长的烦恼
那是个漫长的过程
每天傍晚六点重
流水落华春去野田商人间
青山一就在季度席杨宏
大江东区浪淘金
大作业已经写完了
随风潜入叶润物细无生
我是个扎扎
有现状态自动机
主体团日怎么办
捐给身经网络用于历了影像识别
因为你人品太差
构建社会主义和谐社会
目可还没看完
老服了法少年狂
潜力股份无处花期两
我大作业真的写完了
受到亲回答
你如此李汉马
我竟然调显了
手资模效解
富强民注文明和解
我好像完成了
春风桃李一杯酒
强和业与十年等
红楼革与向往冷
朱博嫖等独资规
按劳损区也
我和韩三优惠来了
不裁罗婆竟年
你尽管码大骂
能树正确出算我暑
秋田红色的系该规在地上
消化司在回家的路上
累谁打十个字的后脑勺
老司机大代我
听说你昨天晚上去看电影了
和我在程度的街头走一走
知道所有地等都习灭了也不停留
我好菜腌
事儿好玩家发言
事儿好玩家食欲言家
昨天晚上一好玩家是我的进水
把好玩家你已经了报了
明天晚上我会演四好玩家的身份
希望所有的好人相信我
只要想起一声中后悔的时
梅花边落了下来
比如看他有用刀河的零食安
比如登上一株松木梯子
危险的是固然美丽
不如看他骑马归来
面加温暖
羞涩
地下偷
回答者黄帝
让他做到境中常做的地方
王者创外
只要想起一声中后悔的时
梅花边落满了南山
疑人喔饮酒醉
嘴巴家人称双对
这个世界需要更多的英雄
黑抓科以重见你父亲的地国
只有道天假的人才能加与神龙
我看到你们了
五十一道
重镇守望先锋有什么意义
而硬仗的一大礼炮呢
稍有长时的人都会知道
人生若置入初见
红岩滩至老
你是人间的思乐天
蛮抢进大黄金价
来日从事前欠缺胳
西风多少很
吸养无限号只是金黄昏
悲鸣有余起民围困
天涯和初五芳草
杨国和小龙女
被房有嫁人一事儿独立
要耗费信力维持的东西没有一一
梦到了奇怪的外省生物
影响十五米内所有游方目标
大白菜鸡毛财通信才有买菜
王部流行军潜力
九九八十一
基本情况就是这样了
以上一上亮晶晶
小业我可喜欢人泪了
获救了什么都能见到
又是重视的一天啊
他主要的地性和事业纸在吃喝喝水面
司和职处于偶然
走出持洪烈日照耀的地区
他说他爱他省国爱他自己
他没有什么爱情
只需要柔体
陷入比四还要严重的敬的
它死死的顶着我
超和生命
会驻守着根本不是遭拒
我选五号及时
学好微积分是不可能的
香港集着走在乡建的道路上
为什么会这样呢
人生总是充满了各种各样的意外
谁能在周
我想到内无任职校的地方看一看
无处暗访的理想
深夜中行星甸甸地等活让人想起那个古老的梦想
热烈的燃烧起来吧
五号机是你别跑啊
如果再见不能哄着眼
是否还能哄着脸
匆匆那年
我们见过太少市面
只爱看同一张连
青春若有长补牢的链
但愿他用都不被改变
许多梦想总编制钛媒
眼泪都是我的体会
擦干眼泪不让你看见
构建人类命运共同体
习近平关心的六间是
应届美好明天
雾霾问题严重危害健康
全球化问题需要全球人携手解决
我不知道这个在线变革期的殷实是多场
我打完下面的重问候你打一个哈
测试到眼是诗诗描左右
没错感觉这很苦
我觉得肯定越多月卡
哈哈哈哈哈哈哈
这个研时还是挺端的吧
不知道如果再见人数更多会怎么样
我还要在变初三个车子
不知道如果又多因子会不会增加难度
测是氧离奇
中庭的柏树枝桠
本还谈谈间件能能不不定定轮椅和定论而
这是我变的第一个车子
刚刚已经变过一句话了
茅司才刚开始
接下来着且你们能够采到
是关于新改的
我差点暴露了自己
像不出其他的了
没有主体现职反而更加困难
最后就年两车室吧
构复归吴向往
三百六是行
航行处抹浓
告诉我你想要做什么
位于美国家利福尼亚洲旧金山玩的阿尔卡特拉斯岛上的联邦建于遭到非只
为了抗议诉联入侵阿富汗
美国总统基米卡特宣布美国降低至于莫斯科举办的夏季奥林匹克运动会
柔毛猪笼草始破罗州家里埋单特有的热带食种植物
明月松减招
请全是上流
的国社会民主党选举前欧洲议会议长马丁书二次担任党魁
我看到你们了
没有人能躲过我的眼睛
的系歌才是你老板
充分开发指令并行行
存储器的层次结构
我的怒暴是不朽的
窗前明月光
告诉我你想要做什么
叫我女网打人
我被困住落
太无垃
我们今天的内容更多关注的是这里
清华大学是一些好学校
清华大学的人工智能导论课程师分的有趣
一些厂商会在某种意义上改进行能的影响
这个网站很强
能遇见你真的很幸运
其实早在军训的时候就被昵咭音乐
能够和你在一起已经别无所求
我爱你
镇乡永远只有一个
在力着很远的地方
有一片海滩
孤独的任他就在海上
撑着船翻
如果你看到他回到海岸
就请你告诉他你的名字
我的名字
这个输入法很强
安装具有复杂电子控制系统的线代知道武器代替过去相对简单而本中的火炮系统
个大城市路边排满各种颜色的共享单车
他在儿童宗教办好调了一个星期时光
飞艇有一斤的空间浮空气的兴市东山在其
国际抗癌联盟和世界卫生组织看到全球癌症发病率和死亡率急车上升
在广播电台播出一档节目
轻轻快餐和亲情披萨尼更喜欢那个
你与本周末安排一次习题课
我们强调选人最多的一个时间
其他三选的同学科自行分组
计算机是一门有趣的学科
融学不说一句话
大的就一类流满面
我喜欢享交委的特朗普
小胖胖有一个大都被
发场在
第十三个屋面的夜晚
人与人之间为什么要和向上海阿
人与人之间为什么要和向上海那
人与人之间为啥要和向上海那
人与人之间怎么就不能和向上海那
人与人之间就是要和向上海阿
来吧来吧和向上海拔
哎
哎
人与人之间的新人在哪里
人与人之间最基本的新人呢
你尽管分类这是聚划分队了算我暑
林则须有一句名言压
苟利国家省司已
其引和付比去之
我到河北省来
放爱暂地扎扎
你们这是自寻思路
我也是一个广东人
所以我们是老乡
啊
我要搞死你呀
清风不是自
和鼓乱翻书
是补啥疑人潜力部流行
本站记者跑的快
惊嗽和打啥也显示认领提
艘护游戏解派克梦境令退出新种丑丑化
您的好友描行人称公布活了李禹王
您的宠物苗苗乡池调业生的比卡丘
清华大学家放眼于行动
赞我比除此目
大艾罗田一
这是一个很长很长很长很长的杨利数据
我在电量数字人生
而有些人已经在点染数字与周了
吃葡萄不吐葡萄皮
不吃葡萄到吐葡萄皮
我好饿但是没有小乔吃
看了一些阳历数据我觉得我要挂科了
每个人都是理性的
能不能给我好一点的情的
上善若水
谢谢大家来参加我的生日
白洋作是一个可爱的性作
我的桌上有一幅减至
我的朋友送了我一盆绿之作为生日礼物
大家喜欢听得个多种多样
有没有一首歌让你想起一个人
丝绸之路上的浪漫故事被市人传唱
爱一个人这样容易
很一个人这样容易
进小辈中营者明说
沸腾的条件事达到非典并持续吸热
我爱学习学习是我快乐
人间四月房费金
电量数字人生
带我走去要远的星球
黑夜给了我黑色的眼睛
花开始接东京城
既然你诚信诚意的法稳了
我们就大发瓷杯的高速呢
为了防止时接被破坏
为了守护世界的核评
罐车爱与真是的邪恶
可爱又迷人的翻拍角色
我们是穿梭在银河的火箭队
白色的明天在等待着我们
横眉冷对潜伏直
副手感为孺子牛
许多人所谓的成熟
不过是被习诉无区了冷叫
精神的灶率和各行的小王
一切高贵的情感都秀瑜表白
一切身科的题研读着语言辞
估督和喧嚣都难以忍受
声明纯属偶然
真正的精神将这一定是宽容的
未曾是一的人不动人生
其顿是弱者的平指
我们是工单注意接班人
小蝌蚪找妈妈
社会最大的罪恶
明明就她比较难过
为何确主动把收购
最爱你的人是我
今天的篮球赛震精彩
我也不想这样啊
可是有能怎么办呢
国家之间只有利益
若国务外交
他强人他强
多因子是个难点
二家二等于无
三月三十二日实行启一
微信销程序重新发明了浏览器
秘面第三次世界大战的发生
苹果公司机将推出一款安卓手机
通过期因工程志着猫娘是可行的
大适好后面应不应该还行一直以来都是有争议的
一个单子数百了补锅就是自韩资范畴上的一个要办群而已
请问你要来电兔子么
不行追尾了黑色的高级车
我的无法回巴尼斯称随便
我要分随你
万像是女孩最好的朋友
轮到我上场了
来和福旺角斗吧
复往变成住了吗
声波测量的方法很多
在夯实验中采用地方法师卖重播范社发
买虫博士又不同频率成分的连续播和城
或者说买虫博宝汉又不同城分的连续播
当海风吹冫霓虹
回收你无营总
转眼就萌一程控
上夜色前价猛龙
奉化学约入梦
提醒我也曾爱国
起义的光芒种慢了房间
目光闪烁着穿过了解家
你的旅途中宇迪达重点
你现在充满了决心
明天放假
学习是我难过
门生发达财
金业务面
凌晨四点的天安门
好久不健
男孩不是海
红眼睛的人
不要说话
不存在的
我想去西藏
奄奄奄奄奄奄奄
这么时弄不死你我也是没着了
大家能不能不要输入这么多奇怪的育局
比如放眼
春风油绿江南岸
麻烦你们解车子的时候检查一下拼音和汉字能不能对应
